<?xml version="1.0" encoding="utf-8"?><testsuites name="pytest tests"><testsuite name="pytest" errors="0" failures="0" skipped="0" tests="3" time="0.997" timestamp="2026-08-01T12:58:39.295857+00:00" hostname="agent-env-c5e37fc6-f9cc-4499-9af6-37f0b8a07c01"><testcase classname="tests.backend_test" name="test_root_hello" time="0.235" /><testcase classname="tests.backend_test" name="test_create_reservation_and_list" time="0.178" /><testcase classname="tests.backend_test" name="test_reservation_minimal_payload" time="0.130" /></testsuite></testsuites>